TN:
SF:src/ConsoleIQ.js
FN:28,(anonymous_0)
FN:75,(anonymous_1)
FN:79,(anonymous_2)
FN:80,(anonymous_3)
FN:86,(anonymous_4)
FN:87,(anonymous_5)
FN:95,(anonymous_6)
FN:116,(anonymous_7)
FN:122,(anonymous_8)
FN:143,(anonymous_9)
FN:158,(anonymous_10)
FN:169,(anonymous_11)
FN:182,(anonymous_12)
FN:183,(anonymous_13)
FN:202,(anonymous_14)
FN:243,(anonymous_15)
FN:265,(anonymous_16)
FN:270,(anonymous_17)
FN:280,(anonymous_18)
FN:300,(anonymous_19)
FN:319,(anonymous_20)
FN:338,(anonymous_21)
FN:340,(anonymous_22)
FN:356,(anonymous_23)
FN:358,(anonymous_24)
FN:376,(anonymous_25)
FN:392,(anonymous_26)
FN:409,(anonymous_27)
FN:415,(anonymous_28)
FN:453,(anonymous_29)
FN:471,(anonymous_30)
FN:479,(anonymous_31)
FN:501,(anonymous_32)
FN:536,(anonymous_33)
FN:540,(anonymous_34)
FN:576,(anonymous_35)
FN:585,(anonymous_36)
FNF:37
FNH:16
FNDA:11,(anonymous_0)
FNDA:6,(anonymous_1)
FNDA:30,(anonymous_2)
FNDA:5,(anonymous_3)
FNDA:36,(anonymous_4)
FNDA:24,(anonymous_5)
FNDA:1,(anonymous_6)
FNDA:6,(anonymous_7)
FNDA:0,(anonymous_8)
FNDA:0,(anonymous_9)
FNDA:0,(anonymous_10)
FNDA:0,(anonymous_11)
FNDA:0,(anonymous_12)
FNDA:0,(anonymous_13)
FNDA:0,(anonymous_14)
FNDA:0,(anonymous_15)
FNDA:0,(anonymous_16)
FNDA:0,(anonymous_17)
FNDA:0,(anonymous_18)
FNDA:0,(anonymous_19)
FNDA:0,(anonymous_20)
FNDA:0,(anonymous_21)
FNDA:0,(anonymous_22)
FNDA:5,(anonymous_23)
FNDA:11,(anonymous_24)
FNDA:0,(anonymous_25)
FNDA:3,(anonymous_26)
FNDA:1,(anonymous_27)
FNDA:1,(anonymous_28)
FNDA:0,(anonymous_29)
FNDA:0,(anonymous_30)
FNDA:0,(anonymous_31)
FNDA:1,(anonymous_32)
FNDA:1,(anonymous_33)
FNDA:12,(anonymous_34)
FNDA:0,(anonymous_35)
FNDA:0,(anonymous_36)
DA:6,1
DA:7,1
DA:29,11
DA:46,11
DA:62,11
DA:68,11
DA:76,6
DA:78,6
DA:79,6
DA:80,30
DA:81,30
DA:85,6
DA:86,6
DA:87,36
DA:88,24
DA:89,18
DA:95,6
DA:96,1
DA:97,1
DA:99,1
DA:100,1
DA:103,6
DA:106,6
DA:107,6
DA:109,6
DA:118,6
DA:119,6
DA:121,0
DA:122,0
DA:123,0
DA:132,0
DA:134,0
DA:135,0
DA:137,0
DA:139,6
DA:141,6
DA:142,6
DA:143,6
DA:144,0
DA:145,0
DA:146,0
DA:147,0
DA:154,6
DA:155,6
DA:157,0
DA:158,0
DA:159,0
DA:160,0
DA:161,0
DA:162,0
DA:165,6
DA:167,6
DA:168,6
DA:169,6
DA:170,0
DA:171,0
DA:172,0
DA:173,0
DA:180,6
DA:181,6
DA:182,6
DA:183,0
DA:184,0
DA:185,0
DA:187,0
DA:189,0
DA:190,0
DA:203,0
DA:205,0
DA:206,0
DA:216,0
DA:217,0
DA:225,0
DA:226,0
DA:234,0
DA:244,0
DA:245,0
DA:248,0
DA:266,0
DA:268,0
DA:270,0
DA:271,0
DA:281,0
DA:282,0
DA:283,0
DA:285,0
DA:286,0
DA:287,0
DA:288,0
DA:301,0
DA:303,0
DA:304,0
DA:307,0
DA:308,0
DA:311,0
DA:320,0
DA:322,0
DA:323,0
DA:325,0
DA:326,0
DA:327,0
DA:328,0
DA:339,0
DA:340,0
DA:341,0
DA:342,0
DA:344,0
DA:346,0
DA:358,5
DA:359,11
DA:360,0
DA:362,11
DA:366,5
DA:367,0
DA:371,5
DA:372,2
DA:375,2
DA:376,0
DA:377,0
DA:378,0
DA:379,0
DA:380,0
DA:393,3
DA:394,0
DA:395,0
DA:398,3
DA:399,3
DA:410,1
DA:412,1
DA:413,1
DA:416,1
DA:417,0
DA:419,1
DA:427,1
DA:431,1
DA:432,1
DA:435,1
DA:440,0
DA:441,0
DA:454,0
DA:456,0
DA:457,0
DA:465,0
DA:466,0
DA:470,0
DA:471,0
DA:472,0
DA:474,0
DA:475,0
DA:476,0
DA:478,0
DA:479,0
DA:482,0
DA:483,0
DA:484,0
DA:485,0
DA:488,0
DA:490,0
DA:493,0
DA:502,1
DA:507,1
DA:508,0
DA:519,1
DA:520,1
DA:529,1
DA:537,1
DA:540,1
DA:541,12
DA:545,1
DA:546,0
DA:550,1
DA:551,0
DA:552,0
DA:553,1
DA:554,1
DA:555,1
DA:556,1
DA:558,1
DA:559,1
DA:560,1
DA:564,1
DA:565,1
DA:577,0
DA:586,0
DA:587,0
DA:591,1
LF:186
LH:79
BRDA:28,0,0,8
BRDA:30,1,0,11
BRDA:30,1,1,9
BRDA:31,2,0,11
BRDA:31,2,1,9
BRDA:33,3,0,11
BRDA:33,3,1,9
BRDA:34,4,0,11
BRDA:34,4,1,9
BRDA:35,5,0,11
BRDA:35,5,1,10
BRDA:41,6,0,11
BRDA:41,6,1,10
BRDA:42,7,0,0
BRDA:42,7,1,11
BRDA:88,8,0,18
BRDA:88,8,1,6
BRDA:96,9,0,1
BRDA:96,9,1,0
BRDA:96,10,0,1
BRDA:96,10,1,1
BRDA:99,11,0,1
BRDA:99,11,1,0
BRDA:118,12,0,6
BRDA:118,12,1,0
BRDA:119,13,0,0
BRDA:119,13,1,6
BRDA:119,14,0,6
BRDA:119,14,1,0
BRDA:128,15,0,0
BRDA:128,15,1,0
BRDA:129,16,0,0
BRDA:129,16,1,0
BRDA:134,17,0,0
BRDA:134,17,1,0
BRDA:139,18,0,6
BRDA:139,18,1,0
BRDA:141,19,0,6
BRDA:141,19,1,1
BRDA:146,20,0,0
BRDA:146,20,1,0
BRDA:154,21,0,6
BRDA:154,21,1,0
BRDA:155,22,0,0
BRDA:155,22,1,6
BRDA:155,23,0,6
BRDA:155,23,1,0
BRDA:161,24,0,0
BRDA:161,24,1,0
BRDA:165,25,0,6
BRDA:165,25,1,0
BRDA:167,26,0,6
BRDA:167,26,1,1
BRDA:172,27,0,0
BRDA:172,27,1,0
BRDA:180,28,0,6
BRDA:180,28,1,0
BRDA:184,29,0,0
BRDA:184,29,1,0
BRDA:203,30,0,0
BRDA:203,30,1,0
BRDA:205,31,0,0
BRDA:205,31,1,0
BRDA:212,32,0,0
BRDA:212,32,1,0
BRDA:216,33,0,0
BRDA:216,33,1,0
BRDA:225,34,0,0
BRDA:225,34,1,0
BRDA:244,35,0,0
BRDA:244,35,1,0
BRDA:255,36,0,0
BRDA:255,36,1,0
BRDA:266,37,0,0
BRDA:266,37,1,0
BRDA:282,38,0,0
BRDA:282,38,1,0
BRDA:282,39,0,0
BRDA:282,39,1,0
BRDA:285,40,0,0
BRDA:285,40,1,0
BRDA:287,41,0,0
BRDA:287,41,1,0
BRDA:287,42,0,0
BRDA:287,42,1,0
BRDA:301,43,0,0
BRDA:301,43,1,0
BRDA:303,44,0,0
BRDA:303,44,1,0
BRDA:307,45,0,0
BRDA:307,45,1,0
BRDA:307,46,0,0
BRDA:307,46,1,0
BRDA:322,47,0,0
BRDA:322,47,1,0
BRDA:322,48,0,0
BRDA:322,48,1,0
BRDA:325,49,0,0
BRDA:325,49,1,0
BRDA:327,50,0,0
BRDA:327,50,1,0
BRDA:327,51,0,0
BRDA:327,51,1,0
BRDA:339,52,0,0
BRDA:339,52,1,0
BRDA:339,53,0,0
BRDA:339,53,1,0
BRDA:341,54,0,0
BRDA:341,54,1,0
BRDA:359,55,0,0
BRDA:359,55,1,11
BRDA:366,56,0,0
BRDA:366,56,1,5
BRDA:366,57,0,5
BRDA:366,57,1,1
BRDA:371,58,0,2
BRDA:371,58,1,3
BRDA:375,59,0,0
BRDA:375,59,1,2
BRDA:375,60,0,2
BRDA:375,60,1,0
BRDA:377,61,0,0
BRDA:377,61,1,0
BRDA:379,62,0,0
BRDA:379,62,1,0
BRDA:393,63,0,0
BRDA:393,63,1,3
BRDA:394,64,0,0
BRDA:394,64,1,0
BRDA:399,65,0,1
BRDA:399,65,1,2
BRDA:410,66,0,0
BRDA:410,66,1,1
BRDA:416,67,0,0
BRDA:416,67,1,1
BRDA:416,68,0,1
BRDA:416,68,1,0
BRDA:431,69,0,1
BRDA:431,69,1,0
BRDA:440,70,0,0
BRDA:440,70,1,0
BRDA:453,71,0,0
BRDA:454,72,0,0
BRDA:454,72,1,0
BRDA:456,73,0,0
BRDA:456,73,1,0
BRDA:465,74,0,0
BRDA:465,74,1,0
BRDA:465,75,0,0
BRDA:465,75,1,0
BRDA:472,76,0,0
BRDA:472,76,1,0
BRDA:474,77,0,0
BRDA:474,77,1,0
BRDA:474,78,0,0
BRDA:474,78,1,0
BRDA:475,79,0,0
BRDA:475,79,1,0
BRDA:478,80,0,0
BRDA:478,80,1,0
BRDA:484,81,0,0
BRDA:484,81,1,0
BRDA:507,82,0,0
BRDA:507,82,1,1
BRDA:519,83,0,1
BRDA:519,83,1,0
BRDA:537,84,0,0
BRDA:537,84,1,1
BRDA:545,85,0,0
BRDA:545,85,1,1
BRDA:550,86,0,0
BRDA:550,86,1,1
BRDA:551,87,0,0
BRDA:551,87,1,0
BRDA:552,88,0,0
BRDA:552,88,1,0
BRDA:553,89,0,1
BRDA:553,89,1,0
BRDA:554,90,0,1
BRDA:554,90,1,0
BRDA:558,91,0,1
BRDA:558,91,1,0
BRF:182
BRH:56
end_of_record
TN:
SF:src/utils/colorizer.js
FN:12,(anonymous_0)
FN:26,applyColor
FN:27,(anonymous_2)
FN:29,(anonymous_3)
FNF:4
FNH:2
FNDA:0,(anonymous_0)
FNDA:3,applyColor
FNDA:0,(anonymous_2)
FNDA:7,(anonymous_3)
DA:6,1
DA:11,1
DA:12,0
DA:27,3
DA:29,3
DA:30,7
DA:31,1
DA:33,6
DA:37,1
LF:9
LH:8
BRDA:27,0,0,3
BRDA:27,0,1,0
BRDA:30,1,0,1
BRDA:30,1,1,6
BRF:4
BRH:3
end_of_record
