TN:
SF:src/ConsoleText.js
FN:22,(anonymous_0)
FN:50,(anonymous_1)
FN:53,(anonymous_2)
FN:54,(anonymous_3)
FN:59,(anonymous_4)
FN:60,(anonymous_5)
FN:68,(anonymous_6)
FN:86,(anonymous_7)
FN:99,(anonymous_8)
FN:116,(anonymous_9)
FN:121,(anonymous_10)
FN:145,(anonymous_11)
FN:147,(anonymous_12)
FNF:13
FNH:13
FNDA:13,(anonymous_0)
FNDA:6,(anonymous_1)
FNDA:30,(anonymous_2)
FNDA:1,(anonymous_3)
FNDA:30,(anonymous_4)
FNDA:2,(anonymous_5)
FNDA:2,(anonymous_6)
FNDA:1,(anonymous_7)
FNDA:2,(anonymous_8)
FNDA:1,(anonymous_9)
FNDA:1,(anonymous_10)
FNDA:5,(anonymous_11)
FNDA:55,(anonymous_12)
DA:6,1
DA:7,1
DA:8,1
DA:23,13
DA:31,13
DA:52,6
DA:53,6
DA:54,30
DA:58,6
DA:59,6
DA:60,30
DA:61,2
DA:62,2
DA:68,6
DA:69,2
DA:70,1
DA:72,2
DA:73,2
DA:77,6
DA:88,1
DA:89,0
DA:100,2
DA:101,0
DA:102,0
DA:105,2
DA:106,2
DA:117,1
DA:119,1
DA:121,1
DA:125,1
DA:126,1
DA:130,1
DA:131,1
DA:134,1
DA:137,0
DA:147,5
DA:148,55
DA:152,5
DA:154,5
DA:158,1
LF:40
LH:36
BRDA:22,0,0,10
BRDA:24,1,0,13
BRDA:24,1,1,11
BRDA:25,2,0,13
BRDA:25,2,1,11
BRDA:27,3,0,13
BRDA:27,3,1,11
BRDA:61,4,0,2
BRDA:61,4,1,0
BRDA:69,5,0,1
BRDA:69,5,1,1
BRDA:72,6,0,2
BRDA:72,6,1,0
BRDA:88,7,0,0
BRDA:88,7,1,1
BRDA:100,8,0,0
BRDA:100,8,1,2
BRDA:101,9,0,0
BRDA:101,9,1,0
BRDA:106,10,0,2
BRDA:106,10,1,0
BRDA:117,11,0,0
BRDA:117,11,1,1
BRDA:121,12,0,0
BRDA:121,12,1,1
BRDA:130,13,0,1
BRDA:130,13,1,0
BRF:27
BRH:17
end_of_record
TN:
SF:src/utils/colorizer.js
FN:12,(anonymous_0)
FN:26,applyColor
FN:27,(anonymous_2)
FN:29,(anonymous_3)
FNF:4
FNH:2
FNDA:0,(anonymous_0)
FNDA:2,applyColor
FNDA:0,(anonymous_2)
FNDA:2,(anonymous_3)
DA:6,1
DA:11,1
DA:12,0
DA:27,2
DA:29,2
DA:30,2
DA:31,1
DA:33,1
DA:37,1
LF:9
LH:8
BRDA:27,0,0,2
BRDA:27,0,1,0
BRDA:30,1,0,1
BRDA:30,1,1,1
BRF:4
BRH:3
end_of_record
